<?xml version="1.0" encoding="UTF-8"?>
<!-- Generated by org.testng.reporters.JUnitReportReporter -->
<testsuite hostname="LAPTOP-LPNKN2V7" failures="0" tests="1" name="amazon.Registration_Account" time="36.515" errors="0" timestamp="2022-10-07T01:45:29 ICT" skipped="0">
  <testcase classname="amazon.Registration_Account" name="Registration" time="36.515"/>
  <system-out/>
</testsuite> <!-- amazon.Registration_Account -->
